                        .module timer.c
                        .area text(rom, con, rel)
 0000                   .dbfile source\timer.c
 0000                   .dbfile D:\monitor\software\source\timer.c
 0000                   .dbfunc e timer0_init _timer0_init fV
                        .even
 0000           _timer0_init::
 0000                   .dbline -1
 0000                   .dbline 7
 0000           ; #include "define.h"
 0000           ; //TIMER0 initialize - prescale:1024
 0000           ; // WGM: Normal
 0000           ; // desired value: 1KHz
 0000           ; // actual value:  1.080KHz (7.4%)
 0000           ; void timer0_init(void)
 0000           ; {
 0000                   .dbline 15
 0000           ; #ifdef CLOCK11059
 0000           ;        TCCR0 = 0x00; //stop
 0000           ;        TCNT0 = 0xF6; //set count
 0000           ;        OCR0  = 0x0A;  //set compare
 0000           ;        TCCR0 = 0x05; //start timer
 0000           ; #endif
 0000           ; #ifdef CLOCK73728
 0000           ;       TCCR0 = 0x00; //stop
 0000 2224              clr R2
 0002 23BE              out 0x33,R2
 0004                   .dbline 16
 0004           ;       TCNT0 = 0x8D; //set count
 0004 8DE8              ldi R24,141
 0006 82BF              out 0x32,R24
 0008                   .dbline 17
 0008           ;       OCR0  = 0x73;  //set compare
 0008 83E7              ldi R24,115
 000A 8CBF              out 0x3c,R24
 000C                   .dbline 18
 000C           ;       TCCR0 = 0x03; //start timer
 000C 83E0              ldi R24,3
 000E 83BF              out 0x33,R24
 0010                   .dbline -2
 0010           L1:
 0010                   .dbline 0 ; func end
 0010 0895              ret
 0012                   .dbend
                        .area vector(rom, abs)
                        .org 36
 0024 0C940900          jmp _timer0_ovf_isr
                        .area text(rom, con, rel)
 0012                   .dbfile D:\monitor\software\source\timer.c
                        .area data(ram, con, rel)
 0000                   .dbfile D:\monitor\software\source\timer.c
 0000           L3:
 0000                   .blkb 2
                        .area idata
 0000 0000              .word 0
                        .area data(ram, con, rel)
 0002                   .dbfile D:\monitor\software\source\timer.c
                        .area text(rom, con, rel)
 0012                   .dbfile D:\monitor\software\source\timer.c
 0012                   .dbfunc e timer0_ovf_isr _timer0_ovf_isr fV
 0012                   .dbsym s a L3 I
                        .even
 0012           _timer0_ovf_isr::
 0012 8A93              st -y,R24
 0014 8FB7              IN R24,63
 0016 8A93              st -y,R24
 0018                   .dbline -1
 0018                   .dbline 25
 0018           ; 
 0018           ; #endif
 0018           ; }
 0018           ; 
 0018           ; #pragma interrupt_handler timer0_ovf_isr:iv_TIM0_OVF
 0018           ; void timer0_ovf_isr(void)
 0018           ; {
 0018                   .dbline 31
 0018           ;       static int a=0;
 0018           ; #ifdef CLOCK11059
 0018           ;        TCNT0 = 0xF6; //reload counter value
 0018           ; #endif
 0018           ; #ifdef CLOCK73728
 0018           ;        TCNT0 = 0x8D; //reload counter value
 0018 8DE8              ldi R24,141
 001A 82BF              out 0x32,R24
 001C                   .dbline 33
 001C           ; #endif         
 001C           ; WDR();
 001C A895              wdr
 001E                   .dbline -2
 001E           L2:
 001E                   .dbline 0 ; func end
 001E 8991              ld R24,y+
 0020 8FBF              OUT 63,R24
 0022 8991              ld R24,y+
 0024 1895              reti
 0026                   .dbend
 0026           ; 
 0026           ; }
 0026           ; 
